I, [2025-11-03T13:59:07.122261 #12335]  INFO -- default-ubuntu-2004: -----> Creating <default-ubuntu-2004>...
I, [2025-11-03T13:59:11.593699 #12335]  INFO -- default-ubuntu-2004: ==> vagrant: A new version of Vagrant is available: 2.4.9 (installed version: 2.4.3)!
I, [2025-11-03T13:59:11.593823 #12335]  INFO -- default-ubuntu-2004: ==> vagrant: To upgrade visit: https://www.vagrantup.com/downloads.html
I, [2025-11-03T13:59:11.593847 #12335]  INFO -- default-ubuntu-2004: 
I, [2025-11-03T13:59:12.185054 #12335]  INFO -- default-ubuntu-2004: Bringing machine 'default' up with 'virtualbox' provider...
I, [2025-11-03T13:59:12.860408 #12335]  INFO -- default-ubuntu-2004: ==> default: Importing base box 'bento/ubuntu-20.04'...
I, [2025-11-03T13:59:15.984464 #12335]  INFO -- default-ubuntu-2004: [KProgress: 10%[KProgress: 20%[KProgress: 90%[K==> default: Matching MAC address for NAT networking...
I, [2025-11-03T13:59:16.051318 #12335]  INFO -- default-ubuntu-2004: ==> default: Checking if box 'bento/ubuntu-20.04' version '202309.09.0' is up to date...
I, [2025-11-03T13:59:18.062315 #12335]  INFO -- default-ubuntu-2004: ==> default: Setting the name of the VM: kitchen-time-cookbook-default-ubuntu-2004-e7eccb89-aae2-4ec8-8620-42c60b7185d1
I, [2025-11-03T13:59:18.411489 #12335]  INFO -- default-ubuntu-2004: ==> default: Clearing any previously set network interfaces...
I, [2025-11-03T13:59:18.443247 #12335]  INFO -- default-ubuntu-2004: ==> default: Preparing network interfaces based on configuration...
I, [2025-11-03T13:59:18.443368 #12335]  INFO -- default-ubuntu-2004:     default: Adapter 1: nat
I, [2025-11-03T13:59:18.481901 #12335]  INFO -- default-ubuntu-2004: ==> default: Forwarding ports...
I, [2025-11-03T13:59:18.527282 #12335]  INFO -- default-ubuntu-2004:     default: 22 (guest) => 2222 (host) (adapter 1)
I, [2025-11-03T13:59:18.775330 #12335]  INFO -- default-ubuntu-2004: ==> default: Running 'pre-boot' VM customizations...
I, [2025-11-03T13:59:18.808053 #12335]  INFO -- default-ubuntu-2004: ==> default: Booting VM...
I, [2025-11-03T13:59:20.081467 #12335]  INFO -- default-ubuntu-2004: ==> default: Waiting for machine to boot. This may take a few minutes...
I, [2025-11-03T13:59:20.231930 #12335]  INFO -- default-ubuntu-2004:     default: SSH address: 127.0.0.1:2222
I, [2025-11-03T13:59:20.232072 #12335]  INFO -- default-ubuntu-2004:     default: SSH username: vagrant
I, [2025-11-03T13:59:20.232169 #12335]  INFO -- default-ubuntu-2004:     default: SSH auth method: private key
I, [2025-11-03T14:00:12.545143 #12335]  INFO -- default-ubuntu-2004:     default: Warning: Connection reset. Retrying...
I, [2025-11-03T14:00:13.320943 #12335]  INFO -- default-ubuntu-2004: The guest machine entered an invalid state while waiting for it
I, [2025-11-03T14:00:13.320998 #12335]  INFO -- default-ubuntu-2004: to boot. Valid states are 'starting, running, paused'. The machine is in the
I, [2025-11-03T14:00:13.321012 #12335]  INFO -- default-ubuntu-2004: 'aborted' state. Please verify everything is configured
I, [2025-11-03T14:00:13.321022 #12335]  INFO -- default-ubuntu-2004: properly and try again.
I, [2025-11-03T14:00:13.321031 #12335]  INFO -- default-ubuntu-2004: 
I, [2025-11-03T14:00:13.321041 #12335]  INFO -- default-ubuntu-2004: If the provider you're using has a GUI that comes with it,
I, [2025-11-03T14:00:13.321050 #12335]  INFO -- default-ubuntu-2004: it is often helpful to open that and watch the machine, since the
I, [2025-11-03T14:00:13.321058 #12335]  INFO -- default-ubuntu-2004: GUI often has more helpful error messages than Vagrant can retrieve.
I, [2025-11-03T14:00:13.321066 #12335]  INFO -- default-ubuntu-2004: For example, if you're using VirtualBox, run `vagrant up` while the
I, [2025-11-03T14:00:13.321073 #12335]  INFO -- default-ubuntu-2004: VirtualBox GUI is open.
I, [2025-11-03T14:00:13.321090 #12335]  INFO -- default-ubuntu-2004: 
I, [2025-11-03T14:00:13.321098 #12335]  INFO -- default-ubuntu-2004: The primary issue for this error is that the provider you're using
I, [2025-11-03T14:00:13.321106 #12335]  INFO -- default-ubuntu-2004: is not properly configured. This is very rarely a Vagrant issue.
E, [2025-11-03T14:00:13.329404 #12335] ERROR -- default-ubuntu-2004: Create failed on instance <default-ubuntu-2004>.
E, [2025-11-03T14:00:13.329502 #12335] ERROR -- default-ubuntu-2004: ------Exception-------
E, [2025-11-03T14:00:13.329515 #12335] ERROR -- default-ubuntu-2004: Class: Kitchen::ShellOut::ShellCommandFailed
E, [2025-11-03T14:00:13.329523 #12335] ERROR -- default-ubuntu-2004: Message: Expected process to exit with [0], but received '1'
---- Begin output of vagrant up --no-provision --provider virtualbox ----
STDOUT: Bringing machine 'default' up with 'virtualbox' provider...
==> default: Importing base box 'bento/ubuntu-20.04'...
[KProgress: 10%[KProgress: 20%[KProgress: 90%[K==> default: Matching MAC address for NAT networking...
==> default: Checking if box 'bento/ubuntu-20.04' version '202309.09.0' is up to date...
==> default: Setting the name of the VM: kitchen-time-cookbook-default-ubuntu-2004-e7eccb89-aae2-4ec8-8620-42c60b7185d1
==> default: Clearing any previously set network interfaces...
==> default: Preparing network interfaces based on configuration...
    default: Adapter 1: nat
==> default: Forwarding ports...
    default: 22 (guest) => 2222 (host) (adapter 1)
==> default: Running 'pre-boot' VM customizations...
==> default: Booting VM...
==> default: Waiting for machine to boot. This may take a few minutes...
    default: SSH address: 127.0.0.1:2222
    default: SSH username: vagrant
    default: SSH auth method: private key
    default: Warning: Connection reset. Retrying...
STDERR: ==> vagrant: A new version of Vagrant is available: 2.4.9 (installed version: 2.4.3)!
==> vagrant: To upgrade visit: https://www.vagrantup.com/downloads.html

The guest machine entered an invalid state while waiting for it
to boot. Valid states are 'starting, running, paused'. The machine is in the
'aborted' state. Please verify everything is configured
properly and try again.

If the provider you're using has a GUI that comes with it,
it is often helpful to open that and watch the machine, since the
GUI often has more helpful error messages than Vagrant can retrieve.
For example, if you're using VirtualBox, run `vagrant up` while the
VirtualBox GUI is open.

The primary issue for this error is that the provider you're using
is not properly configured. This is very rarely a Vagrant issue.
---- End output of vagrant up --no-provision --provider virtualbox ----
Ran vagrant up --no-provision --provider virtualbox returned 1
E, [2025-11-03T14:00:13.329531 #12335] ERROR -- default-ubuntu-2004: ----------------------
E, [2025-11-03T14:00:13.329537 #12335] ERROR -- default-ubuntu-2004: ------Backtrace-------
E, [2025-11-03T14:00:13.329546 #12335] ERROR -- default-ubuntu-2004: /opt/chef-workstation/embedded/lib/ruby/gems/3.1.0/gems/test-kitchen-3.7.0/lib/kitchen/shell_out.rb:70:in `rescue in run_command'
E, [2025-11-03T14:00:13.329551 #12335] ERROR -- default-ubuntu-2004: /opt/chef-workstation/embedded/lib/ruby/gems/3.1.0/gems/test-kitchen-3.7.0/lib/kitchen/shell_out.rb:57:in `run_command'
E, [2025-11-03T14:00:13.329557 #12335] ERROR -- default-ubuntu-2004: /opt/chef-workstation/embedded/lib/ruby/gems/3.1.0/gems/kitchen-vagrant-2.0.1/lib/kitchen/driver/vagrant.rb:473:in `run_command'
E, [2025-11-03T14:00:13.329562 #12335] ERROR -- default-ubuntu-2004: /opt/chef-workstation/embedded/lib/ruby/gems/3.1.0/gems/kitchen-vagrant-2.0.1/lib/kitchen/driver/vagrant.rb:420:in `run'
E, [2025-11-03T14:00:13.329567 #12335] ERROR -- default-ubuntu-2004: /opt/chef-workstation/embedded/lib/ruby/gems/3.1.0/gems/kitchen-vagrant-2.0.1/lib/kitchen/driver/vagrant.rb:524:in `run_vagrant_up'
E, [2025-11-03T14:00:13.329572 #12335] ERROR -- default-ubuntu-2004: /opt/chef-workstation/embedded/lib/ruby/gems/3.1.0/gems/kitchen-vagrant-2.0.1/lib/kitchen/driver/vagrant.rb:121:in `create'
E, [2025-11-03T14:00:13.329578 #12335] ERROR -- default-ubuntu-2004: /opt/chef-workstation/embedded/lib/ruby/gems/3.1.0/gems/test-kitchen-3.7.0/lib/kitchen/instance.rb:495:in `public_send'
E, [2025-11-03T14:00:13.329594 #12335] ERROR -- default-ubuntu-2004: /opt/chef-workstation/embedded/lib/ruby/gems/3.1.0/gems/test-kitchen-3.7.0/lib/kitchen/instance.rb:495:in `block in perform_action'
E, [2025-11-03T14:00:13.329600 #12335] ERROR -- default-ubuntu-2004: /opt/chef-workstation/embedded/lib/ruby/gems/3.1.0/gems/test-kitchen-3.7.0/lib/kitchen/instance.rb:560:in `block in synchronize_or_call'
E, [2025-11-03T14:00:13.329607 #12335] ERROR -- default-ubuntu-2004: /opt/chef-workstation/embedded/lib/ruby/gems/3.1.0/gems/test-kitchen-3.7.0/lib/kitchen/instance.rb:558:in `synchronize'
E, [2025-11-03T14:00:13.329613 #12335] ERROR -- default-ubuntu-2004: /opt/chef-workstation/embedded/lib/ruby/gems/3.1.0/gems/test-kitchen-3.7.0/lib/kitchen/instance.rb:558:in `synchronize_or_call'
E, [2025-11-03T14:00:13.329619 #12335] ERROR -- default-ubuntu-2004: /opt/chef-workstation/embedded/lib/ruby/gems/3.1.0/gems/test-kitchen-3.7.0/lib/kitchen/instance.rb:524:in `block in action'
E, [2025-11-03T14:00:13.329627 #12335] ERROR -- default-ubuntu-2004: /opt/chef-workstation/embedded/lib/ruby/3.1.0/benchmark.rb:296:in `measure'
E, [2025-11-03T14:00:13.329636 #12335] ERROR -- default-ubuntu-2004: /opt/chef-workstation/embedded/lib/ruby/gems/3.1.0/gems/test-kitchen-3.7.0/lib/kitchen/instance.rb:523:in `action'
E, [2025-11-03T14:00:13.329644 #12335] ERROR -- default-ubuntu-2004: /opt/chef-workstation/embedded/lib/ruby/gems/3.1.0/gems/test-kitchen-3.7.0/lib/kitchen/instance.rb:495:in `perform_action'
E, [2025-11-03T14:00:13.329651 #12335] ERROR -- default-ubuntu-2004: /opt/chef-workstation/embedded/lib/ruby/gems/3.1.0/gems/test-kitchen-3.7.0/lib/kitchen/instance.rb:404:in `create_action'
E, [2025-11-03T14:00:13.329656 #12335] ERROR -- default-ubuntu-2004: /opt/chef-workstation/embedded/lib/ruby/gems/3.1.0/gems/test-kitchen-3.7.0/lib/kitchen/instance.rb:392:in `block (2 levels) in transition_to'
E, [2025-11-03T14:00:13.329661 #12335] ERROR -- default-ubuntu-2004: /opt/chef-workstation/embedded/lib/ruby/gems/3.1.0/gems/test-kitchen-3.7.0/lib/kitchen/lifecycle_hooks.rb:47:in `run_with_hooks'
E, [2025-11-03T14:00:13.329667 #12335] ERROR -- default-ubuntu-2004: /opt/chef-workstation/embedded/lib/ruby/gems/3.1.0/gems/test-kitchen-3.7.0/lib/kitchen/instance.rb:391:in `block in transition_to'
E, [2025-11-03T14:00:13.329674 #12335] ERROR -- default-ubuntu-2004: /opt/chef-workstation/embedded/lib/ruby/gems/3.1.0/gems/test-kitchen-3.7.0/lib/kitchen/instance.rb:390:in `each'
E, [2025-11-03T14:00:13.329681 #12335] ERROR -- default-ubuntu-2004: /opt/chef-workstation/embedded/lib/ruby/gems/3.1.0/gems/test-kitchen-3.7.0/lib/kitchen/instance.rb:390:in `transition_to'
E, [2025-11-03T14:00:13.329689 #12335] ERROR -- default-ubuntu-2004: /opt/chef-workstation/embedded/lib/ruby/gems/3.1.0/gems/test-kitchen-3.7.0/lib/kitchen/instance.rb:128:in `create'
E, [2025-11-03T14:00:13.329701 #12335] ERROR -- default-ubuntu-2004: /opt/chef-workstation/embedded/lib/ruby/gems/3.1.0/gems/test-kitchen-3.7.0/lib/kitchen/command.rb:195:in `public_send'
E, [2025-11-03T14:00:13.329707 #12335] ERROR -- default-ubuntu-2004: /opt/chef-workstation/embedded/lib/ruby/gems/3.1.0/gems/test-kitchen-3.7.0/lib/kitchen/command.rb:195:in `run_action_in_thread'
E, [2025-11-03T14:00:13.329712 #12335] ERROR -- default-ubuntu-2004: /opt/chef-workstation/embedded/lib/ruby/gems/3.1.0/gems/test-kitchen-3.7.0/lib/kitchen/command.rb:166:in `block (2 levels) in run_action'
E, [2025-11-03T14:00:13.329717 #12335] ERROR -- default-ubuntu-2004: /opt/chef-workstation/embedded/lib/ruby/gems/3.1.0/gems/logging-2.4.0/lib/logging/diagnostic_context.rb:474:in `block in create_with_logging_context'
E, [2025-11-03T14:00:13.329725 #12335] ERROR -- default-ubuntu-2004: ----End Backtrace-----
E, [2025-11-03T14:00:13.329730 #12335] ERROR -- default-ubuntu-2004: ---Nested Exception---
E, [2025-11-03T14:00:13.329735 #12335] ERROR -- default-ubuntu-2004: Class: Mixlib::ShellOut::ShellCommandFailed
E, [2025-11-03T14:00:13.329742 #12335] ERROR -- default-ubuntu-2004: Message: Expected process to exit with [0], but received '1'
---- Begin output of vagrant up --no-provision --provider virtualbox ----
STDOUT: Bringing machine 'default' up with 'virtualbox' provider...
==> default: Importing base box 'bento/ubuntu-20.04'...
[KProgress: 10%[KProgress: 20%[KProgress: 90%[K==> default: Matching MAC address for NAT networking...
==> default: Checking if box 'bento/ubuntu-20.04' version '202309.09.0' is up to date...
==> default: Setting the name of the VM: kitchen-time-cookbook-default-ubuntu-2004-e7eccb89-aae2-4ec8-8620-42c60b7185d1
==> default: Clearing any previously set network interfaces...
==> default: Preparing network interfaces based on configuration...
    default: Adapter 1: nat
==> default: Forwarding ports...
    default: 22 (guest) => 2222 (host) (adapter 1)
==> default: Running 'pre-boot' VM customizations...
==> default: Booting VM...
==> default: Waiting for machine to boot. This may take a few minutes...
    default: SSH address: 127.0.0.1:2222
    default: SSH username: vagrant
    default: SSH auth method: private key
    default: Warning: Connection reset. Retrying...
STDERR: ==> vagrant: A new version of Vagrant is available: 2.4.9 (installed version: 2.4.3)!
==> vagrant: To upgrade visit: https://www.vagrantup.com/downloads.html

The guest machine entered an invalid state while waiting for it
to boot. Valid states are 'starting, running, paused'. The machine is in the
'aborted' state. Please verify everything is configured
properly and try again.

If the provider you're using has a GUI that comes with it,
it is often helpful to open that and watch the machine, since the
GUI often has more helpful error messages than Vagrant can retrieve.
For example, if you're using VirtualBox, run `vagrant up` while the
VirtualBox GUI is open.

The primary issue for this error is that the provider you're using
is not properly configured. This is very rarely a Vagrant issue.
---- End output of vagrant up --no-provision --provider virtualbox ----
Ran vagrant up --no-provision --provider virtualbox returned 1
E, [2025-11-03T14:00:13.329877 #12335] ERROR -- default-ubuntu-2004: ----------------------
E, [2025-11-03T14:00:13.329897 #12335] ERROR -- default-ubuntu-2004: ------Backtrace-------
E, [2025-11-03T14:00:13.329906 #12335] ERROR -- default-ubuntu-2004: /opt/chef-workstation/embedded/lib/ruby/gems/3.1.0/gems/test-kitchen-3.7.0/lib/kitchen/shell_out.rb:70:in `rescue in run_command'
E, [2025-11-03T14:00:13.329917 #12335] ERROR -- default-ubuntu-2004: /opt/chef-workstation/embedded/lib/ruby/gems/3.1.0/gems/test-kitchen-3.7.0/lib/kitchen/shell_out.rb:57:in `run_command'
E, [2025-11-03T14:00:13.329928 #12335] ERROR -- default-ubuntu-2004: /opt/chef-workstation/embedded/lib/ruby/gems/3.1.0/gems/kitchen-vagrant-2.0.1/lib/kitchen/driver/vagrant.rb:473:in `run_command'
E, [2025-11-03T14:00:13.329937 #12335] ERROR -- default-ubuntu-2004: /opt/chef-workstation/embedded/lib/ruby/gems/3.1.0/gems/kitchen-vagrant-2.0.1/lib/kitchen/driver/vagrant.rb:420:in `run'
E, [2025-11-03T14:00:13.329948 #12335] ERROR -- default-ubuntu-2004: /opt/chef-workstation/embedded/lib/ruby/gems/3.1.0/gems/kitchen-vagrant-2.0.1/lib/kitchen/driver/vagrant.rb:524:in `run_vagrant_up'
E, [2025-11-03T14:00:13.329955 #12335] ERROR -- default-ubuntu-2004: /opt/chef-workstation/embedded/lib/ruby/gems/3.1.0/gems/kitchen-vagrant-2.0.1/lib/kitchen/driver/vagrant.rb:121:in `create'
E, [2025-11-03T14:00:13.329962 #12335] ERROR -- default-ubuntu-2004: /opt/chef-workstation/embedded/lib/ruby/gems/3.1.0/gems/test-kitchen-3.7.0/lib/kitchen/instance.rb:495:in `public_send'
E, [2025-11-03T14:00:13.329971 #12335] ERROR -- default-ubuntu-2004: /opt/chef-workstation/embedded/lib/ruby/gems/3.1.0/gems/test-kitchen-3.7.0/lib/kitchen/instance.rb:495:in `block in perform_action'
E, [2025-11-03T14:00:13.329978 #12335] ERROR -- default-ubuntu-2004: /opt/chef-workstation/embedded/lib/ruby/gems/3.1.0/gems/test-kitchen-3.7.0/lib/kitchen/instance.rb:560:in `block in synchronize_or_call'
E, [2025-11-03T14:00:13.329984 #12335] ERROR -- default-ubuntu-2004: /opt/chef-workstation/embedded/lib/ruby/gems/3.1.0/gems/test-kitchen-3.7.0/lib/kitchen/instance.rb:558:in `synchronize'
E, [2025-11-03T14:00:13.329996 #12335] ERROR -- default-ubuntu-2004: /opt/chef-workstation/embedded/lib/ruby/gems/3.1.0/gems/test-kitchen-3.7.0/lib/kitchen/instance.rb:558:in `synchronize_or_call'
E, [2025-11-03T14:00:13.330004 #12335] ERROR -- default-ubuntu-2004: /opt/chef-workstation/embedded/lib/ruby/gems/3.1.0/gems/test-kitchen-3.7.0/lib/kitchen/instance.rb:524:in `block in action'
E, [2025-11-03T14:00:13.330011 #12335] ERROR -- default-ubuntu-2004: /opt/chef-workstation/embedded/lib/ruby/3.1.0/benchmark.rb:296:in `measure'
E, [2025-11-03T14:00:13.330017 #12335] ERROR -- default-ubuntu-2004: /opt/chef-workstation/embedded/lib/ruby/gems/3.1.0/gems/test-kitchen-3.7.0/lib/kitchen/instance.rb:523:in `action'
E, [2025-11-03T14:00:13.330024 #12335] ERROR -- default-ubuntu-2004: /opt/chef-workstation/embedded/lib/ruby/gems/3.1.0/gems/test-kitchen-3.7.0/lib/kitchen/instance.rb:495:in `perform_action'
E, [2025-11-03T14:00:13.330030 #12335] ERROR -- default-ubuntu-2004: /opt/chef-workstation/embedded/lib/ruby/gems/3.1.0/gems/test-kitchen-3.7.0/lib/kitchen/instance.rb:404:in `create_action'
E, [2025-11-03T14:00:13.330037 #12335] ERROR -- default-ubuntu-2004: /opt/chef-workstation/embedded/lib/ruby/gems/3.1.0/gems/test-kitchen-3.7.0/lib/kitchen/instance.rb:392:in `block (2 levels) in transition_to'
E, [2025-11-03T14:00:13.330043 #12335] ERROR -- default-ubuntu-2004: /opt/chef-workstation/embedded/lib/ruby/gems/3.1.0/gems/test-kitchen-3.7.0/lib/kitchen/lifecycle_hooks.rb:47:in `run_with_hooks'
E, [2025-11-03T14:00:13.330048 #12335] ERROR -- default-ubuntu-2004: /opt/chef-workstation/embedded/lib/ruby/gems/3.1.0/gems/test-kitchen-3.7.0/lib/kitchen/instance.rb:391:in `block in transition_to'
E, [2025-11-03T14:00:13.330053 #12335] ERROR -- default-ubuntu-2004: /opt/chef-workstation/embedded/lib/ruby/gems/3.1.0/gems/test-kitchen-3.7.0/lib/kitchen/instance.rb:390:in `each'
E, [2025-11-03T14:00:13.330058 #12335] ERROR -- default-ubuntu-2004: /opt/chef-workstation/embedded/lib/ruby/gems/3.1.0/gems/test-kitchen-3.7.0/lib/kitchen/instance.rb:390:in `transition_to'
E, [2025-11-03T14:00:13.330063 #12335] ERROR -- default-ubuntu-2004: /opt/chef-workstation/embedded/lib/ruby/gems/3.1.0/gems/test-kitchen-3.7.0/lib/kitchen/instance.rb:128:in `create'
E, [2025-11-03T14:00:13.330069 #12335] ERROR -- default-ubuntu-2004: /opt/chef-workstation/embedded/lib/ruby/gems/3.1.0/gems/test-kitchen-3.7.0/lib/kitchen/command.rb:195:in `public_send'
E, [2025-11-03T14:00:13.330076 #12335] ERROR -- default-ubuntu-2004: /opt/chef-workstation/embedded/lib/ruby/gems/3.1.0/gems/test-kitchen-3.7.0/lib/kitchen/command.rb:195:in `run_action_in_thread'
E, [2025-11-03T14:00:13.330081 #12335] ERROR -- default-ubuntu-2004: /opt/chef-workstation/embedded/lib/ruby/gems/3.1.0/gems/test-kitchen-3.7.0/lib/kitchen/command.rb:166:in `block (2 levels) in run_action'
E, [2025-11-03T14:00:13.330086 #12335] ERROR -- default-ubuntu-2004: /opt/chef-workstation/embedded/lib/ruby/gems/3.1.0/gems/logging-2.4.0/lib/logging/diagnostic_context.rb:474:in `block in create_with_logging_context'
E, [2025-11-03T14:00:13.330092 #12335] ERROR -- default-ubuntu-2004: ----End Backtrace-----
